<?xml version="1.0" encoding="UTF-8"?>
<testng-results ignored="0" total="1" passed="1" failed="0" skipped="0">
  <reporter-output>
    <line>
      <![CDATA[Expected Result = Apache2 Ubuntu Default Page: It works]]>
    </line>
    <line>
      <![CDATA[Actual Result = Apache2 Ubuntu Default Page: It works]]>
    </line>
  </reporter-output>
  <suite started-at="2025-01-02T20:51:13 CET" name="Default suite" finished-at="2025-01-02T20:51:16 CET" duration-ms="3372">
    <groups>
    </groups>
    <test started-at="2025-01-02T20:51:13 CET" name="Default test" finished-at="2025-01-02T20:51:16 CET" duration-ms="3372">
      <class name="test.PhpWebTest">
        <test-method is-config="true" signature="beforeTest()[pri:0, instance:test.PhpWebTest@336f1079]" started-at="2025-01-02T20:51:13 CET" name="beforeTest" finished-at="2025-01-02T20:51:16 CET" duration-ms="3132" status="PASS">
          <reporter-output>
          </reporter-output>
        </test-method> <!-- beforeTest -->
        <test-method signature="pageTitleValidation()[pri:0, instance:test.PhpWebTest@336f1079]" started-at="2025-01-02T20:51:16 CET" name="pageTitleValidation" finished-at="2025-01-02T20:51:16 CET" duration-ms="51" status="PASS">
          <reporter-output>
            <line>
              <![CDATA[Expected Result = Apache2 Ubuntu Default Page: It works]]>
            </line>
            <line>
              <![CDATA[Actual Result = Apache2 Ubuntu Default Page: It works]]>
            </line>
          </reporter-output>
        </test-method> <!-- pageTitleValidation -->
        <test-method is-config="true" signature="afterTest()[pri:0, instance:test.PhpWebTest@336f1079]" started-at="2025-01-02T20:51:16 CET" name="afterTest" finished-at="2025-01-02T20:51:16 CET" duration-ms="104" status="PASS">
          <reporter-output>
          </reporter-output>
        </test-method> <!-- afterTest -->
      </class> <!-- test.PhpWebTest -->
    </test> <!-- Default test -->
  </suite> <!-- Default suite -->
</testng-results>
